Build started 2/21/2013 11:28:50 PM.
     1>Project "C:\Users\Bas2\Git\TheNerdyGames\NerdyGame\NerdyGame\NerdyGame.vcxproj" on node 2 (rebuild target(s)).
     1>_PrepareForClean:
         Deleting file "Debug\NerdyGame.lastbuildstate".
       InitializeBuildStatus:
         Creating "Debug\NerdyGame.unsuccessfulbuild" because "AlwaysCreate" was specified.
       ClCompile:
         C:\Program Files (x86)\Microsoft Visual Studio 10.0\VC\bin\CL.exe /c /ZI /nologo /W3 /WX- /Od /Oy- /D WIN32 /D _DEBUG /D _CONSOLE /D _UNICODE /D UNICODE /Gm /EHsc /RTC1 /MDd /GS /fp:precise /Zc:wchar_t /Zc:forScope /Fo"Debug\\" /Fd"Debug\vc100.pdb" /Gd /TP /analyze- /errorReport:prompt main.cpp
         main.cpp
       ManifestResourceCompile:
         C:\Program Files (x86)\Microsoft SDKs\Windows\v7.0A\bin\rc.exe /nologo /fo"Debug\NerdyGame.exe.embed.manifest.res" Debug\NerdyGame_manifest.rc 
       Link:
         C:\Program Files (x86)\Microsoft Visual Studio 10.0\VC\bin\link.exe /ERRORREPORT:PROMPT /OUT:"C:\Users\Bas2\Git\TheNerdyGames\NerdyGame\Debug\NerdyGame.exe" /INCREMENTAL /NOLOGO kernel32.lib user32.lib gdi32.lib winspool.lib comdlg32.lib advapi32.lib shell32.lib ole32.lib oleaut32.lib uuid.lib odbc32.lib odbccp32.lib /MANIFEST /ManifestFile:"Debug\NerdyGame.exe.intermediate.manifest" /MANIFESTUAC:"level='asInvoker' uiAccess='false'" /DEBUG /PDB:"C:\Users\Bas2\Git\TheNerdyGames\NerdyGame\Debug\NerdyGame.pdb" /SUBSYSTEM:CONSOLE /TLBID:1 /DYNAMICBASE /NXCOMPAT /IMPLIB:"C:\Users\Bas2\Git\TheNerdyGames\NerdyGame\Debug\NerdyGame.lib" /MACHINE:X86 Debug\NerdyGame.exe.embed.manifest.res
         Debug\main.obj
       Manifest:
         Deleting file "Debug\NerdyGame.exe.embed.manifest".
         C:\Program Files (x86)\Microsoft SDKs\Windows\v7.0A\bin\mt.exe /nologo /verbose /out:"Debug\NerdyGame.exe.embed.manifest" /manifest Debug\NerdyGame.exe.intermediate.manifest
         C:\Program Files (x86)\Microsoft SDKs\Windows\v7.0A\bin\rc.exe /nologo /fo"Debug\NerdyGame.exe.embed.manifest.res" Debug\NerdyGame_manifest.rc 
       LinkEmbedManifest:
         C:\Program Files (x86)\Microsoft Visual Studio 10.0\VC\bin\link.exe /ERRORREPORT:PROMPT /OUT:"C:\Users\Bas2\Git\TheNerdyGames\NerdyGame\Debug\NerdyGame.exe" /INCREMENTAL /NOLOGO kernel32.lib user32.lib gdi32.lib winspool.lib comdlg32.lib advapi32.lib shell32.lib ole32.lib oleaut32.lib uuid.lib odbc32.lib odbccp32.lib /MANIFEST /ManifestFile:"Debug\NerdyGame.exe.intermediate.manifest" /MANIFESTUAC:"level='asInvoker' uiAccess='false'" /DEBUG /PDB:"C:\Users\Bas2\Git\TheNerdyGames\NerdyGame\Debug\NerdyGame.pdb" /SUBSYSTEM:CONSOLE /TLBID:1 /DYNAMICBASE /NXCOMPAT /IMPLIB:"C:\Users\Bas2\Git\TheNerdyGames\NerdyGame\Debug\NerdyGame.lib" /MACHINE:X86 Debug\NerdyGame.exe.embed.manifest.res
         Debug\main.obj
         NerdyGame.vcxproj -> C:\Users\Bas2\Git\TheNerdyGames\NerdyGame\Debug\NerdyGame.exe
       FinalizeBuildStatus:
         Deleting file "Debug\NerdyGame.unsuccessfulbuild".
         Touching "Debug\NerdyGame.lastbuildstate".
     1>Done Building Project "C:\Users\Bas2\Git\TheNerdyGames\NerdyGame\NerdyGame\NerdyGame.vcxproj" (rebuild target(s)).

Build succeeded.

Time Elapsed 00:00:01.67
